2021-03-17 15:54:46,399:WARNING:discord.client: PyNaCl is not installed, voice will NOT be supported
2021-03-17 15:54:46,403:INFO:discord.client: logging in using static token
2021-03-17 15:54:47,183:DEBUG:discord.http: GET https://discord.com/api/v7/users/@me with None has returned 200
2021-03-17 15:54:47,184:DEBUG:discord.http: GET https://discord.com/api/v7/users/@me has received {'id': '821846081880064040', 'username': 'magIA Assistant', 'avatar': 'e091bea3912f17362f96927e6b7c83d3', 'discriminator': '1304', 'public_flags': 0, 'flags': 0, 'bot': True, 'locale': 'en-US', 'mfa_enabled': True, 'email': None, 'verified': True}
2021-03-17 15:54:47,244:DEBUG:discord.http: GET https://discord.com/api/v7/gateway with None has returned 200
2021-03-17 15:54:47,245:DEBUG:discord.http: GET https://discord.com/api/v7/gateway has received {'url': 'wss://gateway.discord.gg'}
2021-03-17 15:54:47,711:DEBUG:discord.gateway: Created websocket connected to wss://gateway.discord.gg?encoding=json&v=6&compress=zlib-stream
2021-03-17 15:54:47,711:DEBUG:discord.client: Dispatching event socket_raw_receive
2021-03-17 15:54:47,712:DEBUG:discord.gateway: For Shard ID None: WebSocket Event: {'t': None, 's': None, 'op': 10, 'd': {'heartbeat_interval': 41250, '_trace': ['["gateway-prd-main-jv7k",{"micros":0.0}]']}}
2021-03-17 15:54:47,712:DEBUG:discord.client: Dispatching event socket_response
2021-03-17 15:54:47,712:DEBUG:discord.client: Dispatching event socket_raw_send
2021-03-17 15:54:47,713:DEBUG:discord.client: Dispatching event socket_raw_send
2021-03-17 15:54:47,714:INFO:discord.gateway: Shard ID None has sent the IDENTIFY payload.
2021-03-17 15:54:47,839:DEBUG:discord.client: Dispatching event socket_raw_receive
2021-03-17 15:54:47,839:DEBUG:discord.gateway: For Shard ID None: WebSocket Event: {'t': None, 's': None, 'op': 11, 'd': None}
2021-03-17 15:54:47,839:DEBUG:discord.client: Dispatching event socket_response
2021-03-17 15:54:47,908:DEBUG:discord.client: Dispatching event socket_raw_receive
2021-03-17 15:54:47,908:DEBUG:discord.gateway: For Shard ID None: WebSocket Event: {'t': 'READY', 's': 1, 'op': 0, 'd': {'v': 6, 'user_settings': {}, 'user': {'verified': True, 'username': 'magIA Assistant', 'mfa_enabled': True, 'id': '821846081880064040', 'flags': 0, 'email': None, 'discriminator': '1304', 'bot': True, 'avatar': 'e091bea3912f17362f96927e6b7c83d3'}, 'session_id': 'd93c8d8e1ed1a11a8e8204a282fee67f', 'relationships': [], 'private_channels': [], 'presences': [], 'guilds': [{'unavailable': True, 'id': '808820187335491585'}], 'guild_join_requests': [], 'geo_ordered_rtc_regions': ['us-south', 'us-central', 'us-east', 'us-west', 'brazil'], 'application': {'id': '821846081880064040', 'flags': 0}, '_trace': ['["gateway-prd-main-jv7k",{"micros":67623,"calls":["discord-sessions-prd-2-112",{"micros":65582,"calls":["start_session",{"micros":46372,"calls":["api-prd-main-t9ds",{"micros":41232,"calls":["get_user",{"micros":7312},"add_authorized_ip",{"micros":2685},"get_guilds",{"micros":6545},"coros_wait",{"micros":1}]}]},"guilds_connect",{"micros":1,"calls":[]},"presence_connect",{"micros":17434,"calls":[]}]}]}]']}}
2021-03-17 15:54:47,908:DEBUG:discord.client: Dispatching event socket_response
2021-03-17 15:54:47,908:INFO:discord.gateway: Shard ID None has connected to Gateway: ["gateway-prd-main-jv7k",{"micros":67623,"calls":["discord-sessions-prd-2-112",{"micros":65582,"calls":["start_session",{"micros":46372,"calls":["api-prd-main-t9ds",{"micros":41232,"calls":["get_user",{"micros":7312},"add_authorized_ip",{"micros":2685},"get_guilds",{"micros":6545},"coros_wait",{"micros":1}]}]},"guilds_connect",{"micros":1,"calls":[]},"presence_connect",{"micros":17434,"calls":[]}]}]}] (Session ID: d93c8d8e1ed1a11a8e8204a282fee67f).
2021-03-17 15:54:47,930:DEBUG:discord.client: Dispatching event connect
2021-03-17 15:54:47,930:DEBUG:discord.client: Dispatching event socket_raw_receive
2021-03-17 15:54:47,931:DEBUG:discord.gateway: For Shard ID None: WebSocket Event: {'t': 'GUILD_CREATE', 's': 2, 'op': 0, 'd': {'description': None, 'owner_id': '314871835227455499', 'guild_hashes': {'version': 1, 'roles': {'omitted': False, 'hash': '2Iq3NgujpSY'}, 'metadata': {'omitted': False, 'hash': 'rBWrMlyXVQM'}, 'channels': {'omitted': False, 'hash': 'WeX/M/99T4U'}}, 'public_updates_channel_id': '810208718008352780', 'channels': [{'type': 4, 'position': 1, 'permission_overwrites': [], 'name': 'Text Channels', 'id': '808820188371222548'}, {'type': 4, 'position': 2, 'permission_overwrites': [], 'name': 'Voice Channels', 'id': '808820188371222549'}, {'type': 5, 'topic': None, 'rate_limit_per_user': 0, 'position': 3, 'permission_overwrites': [], 'parent_id': '808854797348372540', 'name': 'bienvenidas', 'last_message_id': '821847660461162506', 'id': '808820188371222551'}, {'user_limit': 0, 'type': 2, 'rtc_region': None, 'position': 0, 'permission_overwrites': [], 'parent_id': '808820188371222549', 'name': 'General', 'id': '808820188371222552', 'bitrate': 64000}, {'type': 4, 'position': 0, 'permission_overwrites': [], 'name': 'Informaci贸n General', 'id': '808854797348372540'}, {'type': 0, 'topic': None, 'rate_limit_per_user': 0, 'position': 4, 'permission_overwrites': [], 'parent_id': '808854797348372540', 'name': 'horario-link', 'last_pin_timestamp': '2021-02-10T00:26:36.886000+00:00', 'last_message_id': '808856413911646218', 'id': '808854941895491596'}, {'type': 0, 'topic': None, 'rate_limit_per_user': 0, 'position': 5, 'permission_overwrites': [], 'parent_id': '808820188371222548', 'name': 'general', 'last_message_id': '821419095625957407', 'id': '808856237788889121'}, {'type': 0, 'topic': None, 'rate_limit_per_user': 0, 'position': 0, 'permission_overwrites': [{'type': 'role', 'id': '808820187335491585', 'deny_new': '2048', 'deny': 2048, 'allow_new': '0', 'allow': 0}], 'name': 'rules', 'last_message_id': '816850534769492008', 'id': '810208718008352779'}, {'type': 0, 'topic': None, 'rate_limit_per_user': 0, 'position': 1, 'permission_overwrites': [{'type': 'role', 'id': '808820187335491585', 'deny_new': '1024', 'deny': 1024, 'allow_new': '0', 'allow': 0}], 'name': 'moderator-only', 'last_message_id': '814503108201676841', 'id': '810208718008352780'}, {'type': 5, 'topic': None, 'rate_limit_per_user': 0, 'position': 2, 'permission_overwrites': [{'type': 'role', 'id': '808820187335491585', 'deny_new': '2048', 'deny': 2048, 'allow_new': '0', 'allow': 0}], 'parent_id': '808854797348372540', 'name': 'avisos', 'last_message_id': '819004645954945054', 'id': '813543964744351835'}, {'user_limit': 0, 'type': 2, 'rtc_region': None, 'position': 1, 'permission_overwrites': [], 'parent_id': '816430832410820671', 'name': 'magIA', 'id': '816396949673476136', 'bitrate': 64000}, {'type': 5, 'topic': None, 'rate_limit_per_user': 0, 'position': 7, 'permission_overwrites': [], 'parent_id': '816430832410820671', 'name': 'horario_mag_ia', 'last_pin_timestamp': '2021-03-03T20:40:01+00:00', 'last_message_id': '821476113330995280', 'id': '816405598433574952'}, {'type': 0, 'topic': None, 'rate_limit_per_user': 0, 'position': 9, 'permission_overwrites': [], 'parent_id': '816430832410820671', 'nsfw': False, 'name': 'magia', 'last_message_id': '821863915105288202', 'id': '816429699013541888'}, {'type': 4, 'position': 3, 'permission_overwrites': [], 'name': 'magIA', 'id': '816430832410820671'}, {'type': 5, 'topic': None, 'rate_limit_per_user': 0, 'position': 6, 'permission_overwrites': [{'type': 'role', 'id': '808820187335491585', 'deny_new': '2048', 'deny': 2048, 'allow_new': '0', 'allow': 0}], 'parent_id': '816430832410820671', 'name': 'informacion', 'last_message_id': '821859850907549756', 'id': '816430914052816906'}, {'type': 5, 'topic': None, 'position': 8, 'permission_overwrites': [{'type': 'role', 'id': '808820187335491585', 'deny_new': '2048', 'deny': 2048, 'allow_new': '0', 'allow': 0}], 'parent_id': '816430832410820671', 'nsfw': False, 'name': 'c贸digos-de-asistencia', 'last_message_id': '821856967139262464', 'id': '816773091177791488'}, {'type': 4, 'position': 4, 'permission_overwrites': [], 'parent_id': None, 'nsfw': False, 'name': 'Pruebas para bot', 'id': '821843258283131001'}, {'type': 0, 'topic': None, 'rate_limit_per_user': 0, 'position': 10, 'permission_overwrites': [], 'parent_id': '821843258283131001', 'nsfw': False, 'name': 'pruebasbot', 'last_message_id': '821864146555240499', 'id': '821843313031118878'}], 'member_count': 23, 'mfa_level': 0, 'explicit_content_filter': 2, 'vanity_url_code': None, 'emojis': [], 'rules_channel_id': '810208718008352779', 'discovery_splash': None, 'voice_states': [], 'roles': [{'position': 0, 'permissions_new': '6546771529', 'permissions': 104320585, 'name': '@everyone', 'mentionable': False, 'managed': False, 'id': '808820187335491585', 'hoist': False, 'color': 0}, {'tags': {'bot_id': '234395307759108106'}, 'position': 3, 'permissions_new': '8', 'permissions': 8, 'name': 'Groovy', 'mentionable': False, 'managed': True, 'id': '816850532542578719', 'hoist': False, 'color': 0}, {'tags': {'bot_id': '821846081880064040'}, 'position': 2, 'permissions_new': '8', 'permissions': 8, 'name': 'ClubTI Bot', 'mentionable': False, 'managed': True, 'id': '821847660222873651', 'hoist': False, 'color': 0}, {'position': 1, 'permissions_new': '6546771529', 'permissions': 104320585, 'name': 'bots', 'mentionable': False, 'managed': False, 'id': '821863938143551578', 'hoist': True, 'color': 0}], 'default_message_notifications': 0, 'name': 'Club de TI', 'presences': [], 'premium_tier': 0, 'preferred_locale': 'en-US', 'max_members': 100000, 'region': 'us-south', 'system_channel_flags': 0, 'members': [{'user': {'username': 'magIA Assistant', 'id': '821846081880064040', 'discriminator': '1304', 'bot': True, 'avatar': 'e091bea3912f17362f96927e6b7c83d3'}, 'roles': ['821863938143551578', '821847660222873651'], 'premium_since': None, 'pending': False, 'nick': None, 'mute': False, 'joined_at': '2021-03-17T20:49:11.412548+00:00', 'is_pending': False, 'hoisted_role': '821863938143551578', 'deaf': False}], 'premium_subscription_count': 0, 'banner': None, 'afk_channel_id': None, 'icon': '8cbac711bc15f6512555cffc1dd55784', 'application_id': None, 'unavailable': False, 'verification_level': 1, 'features': ['COMMUNITY', 'NEWS'], 'max_video_channel_users': 25, 'afk_timeout': 300, 'system_channel_id': '808820188371222551', 'lazy': True, 'splash': None, 'threads': [], 'id': '808820187335491585', 'large': False, 'joined_at': '2021-03-17T20:49:11.412548+00:00'}}
2021-03-17 15:54:47,931:DEBUG:discord.client: Dispatching event socket_response
2021-03-17 15:54:47,934:DEBUG:discord.client: Dispatching event guild_available
2021-03-17 15:54:48,176:DEBUG:discord.client: Dispatching event socket_raw_receive
2021-03-17 15:54:48,177:DEBUG:discord.gateway: For Shard ID None: WebSocket Event: {'t': 'MESSAGE_CREATE', 's': 3, 'op': 0, 'd': {'type': 0, 'tts': False, 'timestamp': '2021-03-17T21:54:47.939000+00:00', 'referenced_message': None, 'pinned': False, 'nonce': '821864171564957696', 'mentions': [], 'mention_roles': [], 'mention_everyone': False, 'member': {'roles': [], 'mute': False, 'joined_at': '2021-02-09T22:02:39.919000+00:00', 'hoisted_role': None, 'deaf': False}, 'id': '821864171314216992', 'flags': 0, 'embeds': [], 'edited_timestamp': None, 'content': 'vas', 'channel_id': '821843313031118878', 'author': {'username': 'alonso284', 'public_flags': 0, 'id': '314871835227455499', 'discriminator': '2549', 'avatar': 'a_dffc83fe2ec2ee53b00960b87e3c7269'}, 'attachments': [], 'guild_id': '808820187335491585'}}
2021-03-17 15:54:48,177:DEBUG:discord.client: Dispatching event socket_response
2021-03-17 15:54:48,178:DEBUG:discord.client: Dispatching event message
2021-03-17 15:54:49,940:DEBUG:discord.client: Dispatching event ready
2021-03-17 15:54:50,350:DEBUG:discord.client: Dispatching event socket_raw_receive
2021-03-17 15:54:50,350:DEBUG:discord.gateway: For Shard ID None: WebSocket Event: {'t': 'TYPING_START', 's': 4, 'op': 0, 'd': {'user_id': '314871835227455499', 'timestamp': 1616018090, 'member': {'user': {'username': 'alonso284', 'public_flags': 0, 'id': '314871835227455499', 'discriminator': '2549', 'avatar': 'a_dffc83fe2ec2ee53b00960b87e3c7269'}, 'roles': [], 'mute': False, 'joined_at': '2021-02-09T22:02:39.919000+00:00', 'hoisted_role': None, 'deaf': False}, 'channel_id': '821843313031118878', 'guild_id': '808820187335491585'}}
2021-03-17 15:54:50,351:DEBUG:discord.client: Dispatching event socket_response
2021-03-17 15:54:51,605:DEBUG:discord.client: Dispatching event socket_raw_receive
2021-03-17 15:54:51,606:DEBUG:discord.gateway: For Shard ID None: WebSocket Event: {'t': 'MESSAGE_CREATE', 's': 5, 'op': 0, 'd': {'type': 0, 'tts': False, 'timestamp': '2021-03-17T21:54:51.340000+00:00', 'referenced_message': None, 'pinned': False, 'nonce': '821864185552961536', 'mentions': [], 'mention_roles': [], 'mention_everyone': False, 'member': {'roles': [], 'mute': False, 'joined_at': '2021-02-09T22:02:39.919000+00:00', 'hoisted_role': None, 'deaf': False}, 'id': '821864185578913793', 'flags': 0, 'embeds': [], 'edited_timestamp': None, 'content': '<:PauseChamp:738524962541010957>', 'channel_id': '821843313031118878', 'author': {'username': 'alonso284', 'public_flags': 0, 'id': '314871835227455499', 'discriminator': '2549', 'avatar': 'a_dffc83fe2ec2ee53b00960b87e3c7269'}, 'attachments': [], 'guild_id': '808820187335491585'}}
2021-03-17 15:54:51,606:DEBUG:discord.client: Dispatching event socket_response
2021-03-17 15:54:51,606:DEBUG:discord.client: Dispatching event message
2021-03-17 15:54:58,077:DEBUG:discord.client: Dispatching event socket_raw_receive
2021-03-17 15:54:58,077:DEBUG:discord.gateway: For Shard ID None: WebSocket Event: {'t': 'MESSAGE_CREATE', 's': 6, 'op': 0, 'd': {'type': 0, 'tts': False, 'timestamp': '2021-03-17T21:54:57.910000+00:00', 'referenced_message': None, 'pinned': False, 'nonce': '821864212643971072', 'mentions': [], 'mention_roles': [], 'mention_everyone': False, 'member': {'roles': [], 'nick': 'mozz', 'mute': False, 'joined_at': '2021-02-12T18:21:56.170000+00:00', 'hoisted_role': None, 'deaf': False}, 'id': '821864213135884348', 'flags': 0, 'embeds': [], 'edited_timestamp': None, 'content': '?getCode Modulo2 17marzo', 'channel_id': '821843313031118878', 'author': {'username': 'Mozz', 'public_flags': 0, 'id': '689479065140592666', 'discriminator': '9791', 'avatar': 'c74e4931cb4b9a79ea615fb1c9aa33a2'}, 'attachments': [], 'guild_id': '808820187335491585'}}
2021-03-17 15:54:58,077:DEBUG:discord.client: Dispatching event socket_response
2021-03-17 15:54:58,078:DEBUG:discord.client: Dispatching event message
2021-03-17 15:54:58,078:DEBUG:discord.client: Dispatching event command
2021-03-17 15:54:58,360:DEBUG:discord.client: Dispatching event socket_raw_receive
2021-03-17 15:54:58,360:DEBUG:discord.gateway: For Shard ID None: WebSocket Event: {'t': 'MESSAGE_CREATE', 's': 7, 'op': 0, 'd': {'type': 0, 'tts': False, 'timestamp': '2021-03-17T21:54:58.013000+00:00', 'referenced_message': None, 'pinned': False, 'mentions': [], 'mention_roles': [], 'mention_everyone': False, 'member': {'roles': ['821863938143551578', '821847660222873651'], 'premium_since': None, 'pending': False, 'nick': None, 'mute': False, 'joined_at': '2021-03-17T20:49:11.412548+00:00', 'is_pending': False, 'hoisted_role': '821863938143551578', 'deaf': False}, 'id': '821864213566717973', 'flags': 0, 'embeds': [], 'edited_timestamp': None, 'content': 'El c贸digo es 2VYQKPCd', 'channel_id': '821843313031118878', 'author': {'username': 'magIA Assistant', 'public_flags': 0, 'id': '821846081880064040', 'discriminator': '1304', 'bot': True, 'avatar': 'e091bea3912f17362f96927e6b7c83d3'}, 'attachments': [], 'guild_id': '808820187335491585'}}
2021-03-17 15:54:58,360:DEBUG:discord.client: Dispatching event socket_response
2021-03-17 15:54:58,361:DEBUG:discord.client: Dispatching event message
2021-03-17 15:54:58,362:DEBUG:discord.http: POST https://discord.com/api/v7/channels/821843313031118878/messages with {"content":"El c\u00f3digo es 2VYQKPCd"} has returned 200
2021-03-17 15:54:58,362:DEBUG:discord.http: POST https://discord.com/api/v7/channels/821843313031118878/messages has received {'id': '821864213566717973', 'type': 0, 'content': 'El c贸digo es 2VYQKPCd', 'channel_id': '821843313031118878', 'author': {'id': '821846081880064040', 'username': 'magIA Assistant', 'avatar': 'e091bea3912f17362f96927e6b7c83d3', 'discriminator': '1304', 'public_flags': 0, 'bot': True}, 'attachments': [], 'embeds': [], 'mentions': [], 'mention_roles': [], 'pinned': False, 'mention_everyone': False, 'tts': False, 'timestamp': '2021-03-17T21:54:58.013000+00:00', 'edited_timestamp': None, 'flags': 0, 'referenced_message': None}
2021-03-17 15:54:58,363:DEBUG:discord.client: Dispatching event command_completion
2021-03-17 15:55:00,639:DEBUG:discord.client: Dispatching event socket_raw_receive
2021-03-17 15:55:00,640:DEBUG:discord.gateway: For Shard ID None: WebSocket Event: {'t': 'MESSAGE_CREATE', 's': 8, 'op': 0, 'd': {'type': 0, 'tts': False, 'timestamp': '2021-03-17T21:55:00.444000+00:00', 'referenced_message': None, 'pinned': False, 'nonce': '821864223217811456', 'mentions': [], 'mention_roles': [], 'mention_everyone': False, 'member': {'roles': [], 'nick': 'mozz', 'mute': False, 'joined_at': '2021-02-12T18:21:56.170000+00:00', 'hoisted_role': None, 'deaf': False}, 'id': '821864223763202090', 'flags': 0, 'embeds': [], 'edited_timestamp': None, 'content': 'ostras', 'channel_id': '821843313031118878', 'author': {'username': 'Mozz', 'public_flags': 0, 'id': '689479065140592666', 'discriminator': '9791', 'avatar': 'c74e4931cb4b9a79ea615fb1c9aa33a2'}, 'attachments': [], 'guild_id': '808820187335491585'}}
2021-03-17 15:55:00,640:DEBUG:discord.client: Dispatching event socket_response
2021-03-17 15:55:00,640:DEBUG:discord.client: Dispatching event message
2021-03-17 15:55:01,529:DEBUG:discord.client: Dispatching event socket_raw_receive
2021-03-17 15:55:01,530:DEBUG:discord.gateway: For Shard ID None: WebSocket Event: {'t': 'MESSAGE_CREATE', 's': 9, 'op': 0, 'd': {'type': 0, 'tts': False, 'timestamp': '2021-03-17T21:55:01.367000+00:00', 'referenced_message': None, 'pinned': False, 'nonce': '821864227521167360', 'mentions': [], 'mention_roles': [], 'mention_everyone': False, 'member': {'roles': [], 'mute': False, 'joined_at': '2021-02-09T22:02:39.919000+00:00', 'hoisted_role': None, 'deaf': False}, 'id': '821864227635068948', 'flags': 0, 'embeds': [], 'edited_timestamp': None, 'content': '', 'channel_id': '821843313031118878', 'author': {'username': 'alonso284', 'public_flags': 0, 'id': '314871835227455499', 'discriminator': '2549', 'avatar': 'a_dffc83fe2ec2ee53b00960b87e3c7269'}, 'attachments': [], 'guild_id': '808820187335491585'}}
2021-03-17 15:55:01,531:DEBUG:discord.client: Dispatching event socket_response
2021-03-17 15:55:01,532:DEBUG:discord.client: Dispatching event message
2021-03-17 15:55:03,524:DEBUG:discord.client: Dispatching event socket_raw_receive
2021-03-17 15:55:03,525:DEBUG:discord.gateway: For Shard ID None: WebSocket Event: {'t': 'TYPING_START', 's': 10, 'op': 0, 'd': {'user_id': '689479065140592666', 'timestamp': 1616018103, 'member': {'user': {'username': 'Mozz', 'id': '689479065140592666', 'discriminator': '9791', 'avatar': 'c74e4931cb4b9a79ea615fb1c9aa33a2'}, 'roles': [], 'nick': 'mozz', 'mute': False, 'joined_at': '2021-02-12T18:21:56.170000+00:00', 'hoisted_role': None, 'deaf': False}, 'channel_id': '821843313031118878', 'guild_id': '808820187335491585'}}
2021-03-17 15:55:03,525:DEBUG:discord.client: Dispatching event socket_response
2021-03-17 15:55:07,166:DEBUG:discord.client: Dispatching event socket_raw_receive
2021-03-17 15:55:07,166:DEBUG:discord.gateway: For Shard ID None: WebSocket Event: {'t': 'TYPING_START', 's': 11, 'op': 0, 'd': {'user_id': '375645319750221824', 'timestamp': 1616018106, 'member': {'user': {'username': 'Abraham Lim贸n', 'id': '375645319750221824', 'discriminator': '1714', 'avatar': '2c262491231829deca9b03891ac315d9'}, 'roles': [], 'mute': False, 'joined_at': '2021-02-26T21:32:38.153000+00:00', 'hoisted_role': None, 'deaf': False}, 'channel_id': '821843313031118878', 'guild_id': '808820187335491585'}}
2021-03-17 15:55:07,167:DEBUG:discord.client: Dispatching event socket_response
2021-03-17 15:55:07,186:DEBUG:discord.client: Dispatching event socket_raw_receive
2021-03-17 15:55:07,187:DEBUG:discord.gateway: For Shard ID None: WebSocket Event: {'t': 'MESSAGE_CREATE', 's': 12, 'op': 0, 'd': {'type': 0, 'tts': False, 'timestamp': '2021-03-17T21:55:07.030000+00:00', 'referenced_message': None, 'pinned': False, 'nonce': '821864250694696960', 'mentions': [], 'mention_roles': [], 'mention_everyone': False, 'member': {'roles': [], 'mute': False, 'joined_at': '2021-02-26T21:32:38.153000+00:00', 'hoisted_role': None, 'deaf': False}, 'id': '821864251387150387', 'flags': 0, 'embeds': [], 'edited_timestamp': None, 'content': 'Ojo, ojo', 'channel_id': '821843313031118878', 'author': {'username': 'Abraham Lim贸n', 'public_flags': 0, 'id': '375645319750221824', 'discriminator': '1714', 'avatar': '2c262491231829deca9b03891ac315d9'}, 'attachments': [], 'guild_id': '808820187335491585'}}
2021-03-17 15:55:07,187:DEBUG:discord.client: Dispatching event socket_response
2021-03-17 15:55:07,187:DEBUG:discord.client: Dispatching event message
2021-03-17 15:55:07,577:DEBUG:discord.client: Dispatching event socket_raw_receive
2021-03-17 15:55:07,578:DEBUG:discord.gateway: For Shard ID None: WebSocket Event: {'t': 'MESSAGE_CREATE', 's': 13, 'op': 0, 'd': {'type': 0, 'tts': False, 'timestamp': '2021-03-17T21:55:07.357000+00:00', 'referenced_message': None, 'pinned': False, 'nonce': '821864252489859072', 'mentions': [], 'mention_roles': [], 'mention_everyone': False, 'member': {'roles': [], 'nick': 'mozz', 'mute': False, 'joined_at': '2021-02-12T18:21:56.170000+00:00', 'hoisted_role': None, 'deaf': False}, 'id': '821864252758556756', 'flags': 0, 'embeds': [], 'edited_timestamp': None, 'content': 'que buen servicio 10/10', 'channel_id': '821843313031118878', 'author': {'username': 'Mozz', 'public_flags': 0, 'id': '689479065140592666', 'discriminator': '9791', 'avatar': 'c74e4931cb4b9a79ea615fb1c9aa33a2'}, 'attachments': [], 'guild_id': '808820187335491585'}}
2021-03-17 15:55:07,578:DEBUG:discord.client: Dispatching event socket_response
2021-03-17 15:55:07,579:DEBUG:discord.client: Dispatching event message
2021-03-17 15:55:28,968:DEBUG:discord.gateway: Keeping shard ID None websocket alive with sequence 13.
2021-03-17 15:55:29,085:DEBUG:discord.client: Dispatching event socket_raw_receive
2021-03-17 15:55:29,085:DEBUG:discord.gateway: For Shard ID None: WebSocket Event: {'t': None, 's': None, 'op': 11, 'd': None}
2021-03-17 15:55:29,085:DEBUG:discord.client: Dispatching event socket_response
2021-03-17 15:55:49,347:INFO:discord.client: Cleaning up tasks.
2021-03-17 15:55:49,348:INFO:discord.client: Cleaning up after 1 tasks.
2021-03-17 15:55:49,388:INFO:discord.client: All tasks finished cancelling.
2021-03-17 15:55:49,388:INFO:discord.client: Closing the event loop.
